# JRE version: Java(TM) SE Runtime Environment (8.0_60-b27) (build 1.8.0_60-b27)
# Java VM: Java HotSpot(TM) 64-Bit Server VM (25.60-b23 mixed mode windows-amd64 compressed oops)
Heap:
 PSYoungGen      total 220160K, used 4599K [0x0000000680000000, 0x0000000695900000, 0x00000007c0000000)
  eden space 218112K, 2% used [0x0000000680000000,0x000000068047dc98,0x000000068d500000)
  from space 2048K, 0% used [0x000000068d500000,0x000000068d500000,0x000000068d700000)
  to   space 2048K, 0% used [0x0000000695700000,0x0000000695700000,0x0000000695900000)
 ParOldGen       total 7263744K, used 7031856K [0x0000000400000000, 0x0000000680000000, 0x0000000680000000)
  object space 7263744K, 96% used [0x0000000400000000,0x00000005ad30c128,0x00000005bb580000)
 Metaspace       used 3192K, capacity 4562K, committed 4864K, reserved 1056768K
  class space    used 345K, capacity 386K, committed 512K, reserved 1048576K
GC Heap History (10 events):
Event: 101.269 GC heap before
{Heap before GC invocations=12 (full 1):
 PSYoungGen      total 138240K, used 0K [0x0000000680000000, 0x0000000689b80000, 0x00000007c0000000)
  eden space 136192K, 0% used [0x0000000680000000,0x0000000680000000,0x0000000688500000)
  from space 2048K, 0% used [0x0000000688700000,0x0000000688700000,0x0000000688900000)
  to   space 2048K, 0% used [0x0000000688500000,0x0000000688500000,0x0000000688700000)
 ParOldGen       total 10485760K, used 10161370K [0x0000000400000000, 0x0000000680000000, 0x0000000680000000)
  object space 10485760K, 96% used [0x0000000400000000,0x000000066c336960,0x0000000680000000)
 Metaspace       used 3192K, capacity 4562K, committed 4864K, reserved 1056768K
  class space    used 345K, capacity 386K, committed 512K, reserved 1048576K
Event: 101.284 GC heap after
Heap after GC invocations=12 (full 1):
 PSYoungGen      total 138240K, used 0K [0x0000000680000000, 0x000000068d900000, 0x00000007c0000000)
  eden space 136192K, 0% used [0x0000000680000000,0x0000000680000000,0x0000000688500000)
  from space 2048K, 0% used [0x0000000688500000,0x0000000688500000,0x0000000688700000)
  to   space 2048K, 0% used [0x000000068d700000,0x000000068d700000,0x000000068d900000)
 ParOldGen       total 10485760K, used 10161370K [0x0000000400000000, 0x0000000680000000, 0x0000000680000000)
  object space 10485760K, 96% used [0x0000000400000000,0x000000066c336960,0x0000000680000000)
 Metaspace       used 3192K, capacity 4562K, committed 4864K, reserved 1056768K
  class space    used 345K, capacity 386K, committed 512K, reserved 1048576K
}
Event: 101.284 GC heap before
{Heap before GC invocations=13 (full 2):
 PSYoungGen      total 138240K, used 0K [0x0000000680000000, 0x000000068d900000, 0x00000007c0000000)
  eden space 136192K, 0% used [0x0000000680000000,0x0000000680000000,0x0000000688500000)
  from space 2048K, 0% used [0x0000000688500000,0x0000000688500000,0x0000000688700000)
  to   space 2048K, 0% used [0x000000068d700000,0x000000068d700000,0x000000068d900000)
 ParOldGen       total 10485760K, used 10161370K [0x0000000400000000, 0x0000000680000000, 0x0000000680000000)
  object space 10485760K, 96% used [0x0000000400000000,0x000000066c336960,0x0000000680000000)
 Metaspace       used 3192K, capacity 4562K, committed 4864K, reserved 1056768K
  class space    used 345K, capacity 386K, committed 512K, reserved 1048576K
Event: 103.614 GC heap after
Heap after GC invocations=13 (full 2):
 PSYoungGen      total 138240K, used 0K [0x0000000680000000, 0x000000068d900000, 0x00000007c0000000)
  eden space 136192K, 0% used [0x0000000680000000,0x0000000680000000,0x0000000688500000)
  from space 2048K, 0% used [0x0000000688500000,0x0000000688500000,0x0000000688700000)
  to   space 2048K, 0% used [0x000000068d700000,0x000000068d700000,0x000000068d900000)
 ParOldGen       total 183808K, used 5120K [0x0000000400000000, 0x000000040b380000, 0x0000000680000000)
  object space 183808K, 2% used [0x0000000400000000,0x0000000400500000,0x000000040b380000)
 Metaspace       used 3192K, capacity 4562K, committed 4864K, reserved 1056768K
  class space    used 345K, capacity 386K, committed 512K, reserved 1048576K
}
Event: 155.034 GC heap before
{Heap before GC invocations=14 (full 2):
 PSYoungGen      total 138240K, used 2711K [0x0000000680000000, 0x000000068d900000, 0x00000007c0000000)
  eden space 136192K, 1% used [0x0000000680000000,0x00000006802a5fc0,0x0000000688500000)
  from space 2048K, 0% used [0x0000000688500000,0x0000000688500000,0x0000000688700000)
  to   space 2048K, 0% used [0x000000068d700000,0x000000068d700000,0x000000068d900000)
 ParOldGen       total 10485760K, used 10161370K [0x0000000400000000, 0x0000000680000000, 0x0000000680000000)
  object space 10485760K, 96% used [0x0000000400000000,0x000000066c3368d0,0x0000000680000000)
 Metaspace       used 3192K, capacity 4562K, committed 4864K, reserved 1056768K
  class space    used 345K, capacity 386K, committed 512K, reserved 1048576K
Event: 155.054 GC heap after
Heap after GC invocations=14 (full 2):
 PSYoungGen      total 220160K, used 0K [0x0000000680000000, 0x000000068d900000, 0x00000007c0000000)
  eden space 218112K, 0% used [0x0000000680000000,0x0000000680000000,0x000000068d500000)
  from space 2048K, 0% used [0x000000068d700000,0x000000068d700000,0x000000068d900000)
  to   space 2048K, 0% used [0x000000068d500000,0x000000068d500000,0x000000068d700000)
 ParOldGen       total 10485760K, used 10161370K [0x0000000400000000, 0x0000000680000000, 0x0000000680000000)
  object space 10485760K, 96% used [0x0000000400000000,0x000000066c3368d0,0x0000000680000000)
 Metaspace       used 3192K, capacity 4562K, committed 4864K, reserved 1056768K
  class space    used 345K, capacity 386K, committed 512K, reserved 1048576K
}
Event: 155.054 GC heap before
{Heap before GC invocations=15 (full 2):
 PSYoungGen      total 220160K, used 0K [0x0000000680000000, 0x000000068d900000, 0x00000007c0000000)
  eden space 218112K, 0% used [0x0000000680000000,0x0000000680000000,0x000000068d500000)
  from space 2048K, 0% used [0x000000068d700000,0x000000068d700000,0x000000068d900000)
  to   space 2048K, 0% used [0x000000068d500000,0x000000068d500000,0x000000068d700000)
 ParOldGen       total 10485760K, used 10161370K [0x0000000400000000, 0x0000000680000000, 0x0000000680000000)
  object space 10485760K, 96% used [0x0000000400000000,0x000000066c3368d0,0x0000000680000000)
 Metaspace       used 3192K, capacity 4562K, committed 4864K, reserved 1056768K
  class space    used 345K, capacity 386K, committed 512K, reserved 1048576K
Event: 155.072 GC heap after
Heap after GC invocations=15 (full 2):
 PSYoungGen      total 220160K, used 0K [0x0000000680000000, 0x0000000695900000, 0x00000007c0000000)
  eden space 218112K, 0% used [0x0000000680000000,0x0000000680000000,0x000000068d500000)
  from space 2048K, 0% used [0x000000068d500000,0x000000068d500000,0x000000068d700000)
  to   space 2048K, 0% used [0x0000000695700000,0x0000000695700000,0x0000000695900000)
 ParOldGen       total 10485760K, used 10161370K [0x0000000400000000, 0x0000000680000000, 0x0000000680000000)
  object space 10485760K, 96% used [0x0000000400000000,0x000000066c3368d0,0x0000000680000000)
 Metaspace       used 3192K, capacity 4562K, committed 4864K, reserved 1056768K
  class space    used 345K, capacity 386K, committed 512K, reserved 1048576K
}
Event: 155.072 GC heap before
{Heap before GC invocations=16 (full 3):
 PSYoungGen      total 220160K, used 0K [0x0000000680000000, 0x0000000695900000, 0x00000007c0000000)
  eden space 218112K, 0% used [0x0000000680000000,0x0000000680000000,0x000000068d500000)
  from space 2048K, 0% used [0x000000068d500000,0x000000068d500000,0x000000068d700000)
  to   space 2048K, 0% used [0x0000000695700000,0x0000000695700000,0x0000000695900000)
 ParOldGen       total 10485760K, used 10161370K [0x0000000400000000, 0x0000000680000000, 0x0000000680000000)
  object space 10485760K, 96% used [0x0000000400000000,0x000000066c3368d0,0x0000000680000000)
 Metaspace       used 3192K, capacity 4562K, committed 4864K, reserved 1056768K
  class space    used 345K, capacity 386K, committed 512K, reserved 1048576K
Event: 156.026 GC heap after
Heap after GC invocations=16 (full 3):
 PSYoungGen      total 220160K, used 0K [0x0000000680000000, 0x0000000695900000, 0x00000007c0000000)
  eden space 218112K, 0% used [0x0000000680000000,0x0000000680000000,0x000000068d500000)
  from space 2048K, 0% used [0x000000068d500000,0x000000068d500000,0x000000068d700000)
  to   space 2048K, 0% used [0x0000000695700000,0x0000000695700000,0x0000000695900000)
 ParOldGen       total 1013248K, used 781856K [0x0000000400000000, 0x000000043dd80000, 0x0000000680000000)
  object space 1013248K, 77% used [0x0000000400000000,0x000000042fb880e8,0x000000043dd80000)
 Metaspace       used 3192K, capacity 4562K, committed 4864K, reserved 1056768K
  class space    used 345K, capacity 386K, committed 512K, reserved 1048576K
}

